{"/Users/bryanmitchell/Documents/react-projects/my-vinyl-collection/client/src/fileTransformer.js": {"path":"/Users/bryanmitchell/Documents/react-projects/my-vinyl-collection/client/src/fileTransformer.js","statementMap":{"0":{"start":{"line":1,"column":13},"end":{"line":1,"column":28}},"1":{"start":{"line":3,"column":0},"end":{"line":9,"column":2}},"2":{"start":{"line":5,"column":4},"end":{"line":7,"column":6}}},"fnMap":{"0":{"name":"(anonymous_0)","decl":{"start":{"line":4,"column":2},"end":{"line":4,"column":3}},"loc":{"start":{"line":4,"column":43},"end":{"line":8,"column":3}},"line":4}},"branchMap":{},"s":{"0":0,"1":0,"2":0},"f":{"0":0},"b":{}}
,"/Users/bryanmitchell/Documents/react-projects/my-vinyl-collection/client/src/jest.config.js": {"path":"/Users/bryanmitchell/Documents/react-projects/my-vinyl-collection/client/src/jest.config.js","statementMap":{"0":{"start":{"line":1,"column":0},"end":{"line":13,"column":2}}},"fnMap":{},"branchMap":{},"s":{"0":0},"f":{},"b":{}}
,"/Users/bryanmitchell/Documents/react-projects/my-vinyl-collection/client/src/components/AlbumCover.tsx": {"path":"/Users/bryanmitchell/Documents/react-projects/my-vinyl-collection/client/src/components/AlbumCover.tsx","statementMap":{"0":{"start":{"line":7,"column":19},"end":{"line":63,"column":1}},"1":{"start":{"line":8,"column":43},"end":{"line":8,"column":66}},"2":{"start":{"line":15,"column":5},"end":{"line":15,"column":20}},"3":{"start":{"line":18,"column":26},"end":{"line":21,"column":2}},"4":{"start":{"line":19,"column":2},"end":{"line":19,"column":26}},"5":{"start":{"line":20,"column":2},"end":{"line":20,"column":15}},"6":{"start":{"line":23,"column":1},"end":{"line":62,"column":3}},"7":{"start":{"line":26,"column":4},"end":{"line":50,"column":10}},"8":{"start":{"line":30,"column":6},"end":{"line":33,"column":8}},"9":{"start":{"line":69,"column":11},"end":{"line":82,"column":1}}},"fnMap":{"0":{"name":"(anonymous_0)","decl":{"start":{"line":7,"column":19},"end":{"line":7,"column":20}},"loc":{"start":{"line":7,"column":40},"end":{"line":63,"column":1}},"line":7},"1":{"name":"(anonymous_1)","decl":{"start":{"line":18,"column":26},"end":{"line":18,"column":27}},"loc":{"start":{"line":18,"column":48},"end":{"line":21,"column":2}},"line":18},"2":{"name":"(anonymous_2)","decl":{"start":{"line":25,"column":22},"end":{"line":25,"column":23}},"loc":{"start":{"line":26,"column":4},"end":{"line":50,"column":10}},"line":26},"3":{"name":"(anonymous_3)","decl":{"start":{"line":29,"column":14},"end":{"line":29,"column":15}},"loc":{"start":{"line":30,"column":6},"end":{"line":33,"column":8}},"line":30}},"branchMap":{"0":{"loc":{"start":{"line":25,"column":5},"end":{"line":51,"column":5}},"type":"binary-expr","locations":[{"start":{"line":25,"column":5},"end":{"line":25,"column":9}},{"start":{"line":25,"column":13},"end":{"line":51,"column":5}}],"line":25}},"s":{"0":0,"1":0,"2":0,"3":0,"4":0,"5":0,"6":0,"7":0,"8":0,"9":0},"f":{"0":0,"1":0,"2":0,"3":0},"b":{"0":[0,0]}}
,"/Users/bryanmitchell/Documents/react-projects/my-vinyl-collection/client/src/components/Chart.tsx": {"path":"/Users/bryanmitchell/Documents/react-projects/my-vinyl-collection/client/src/components/Chart.tsx","statementMap":{"0":{"start":{"line":5,"column":14},"end":{"line":45,"column":1}},"1":{"start":{"line":6,"column":1},"end":{"line":44,"column":3}},"2":{"start":{"line":27,"column":6},"end":{"line":27,"column":57}},"3":{"start":{"line":54,"column":11},"end":{"line":58,"column":1}}},"fnMap":{"0":{"name":"(anonymous_0)","decl":{"start":{"line":5,"column":14},"end":{"line":5,"column":15}},"loc":{"start":{"line":5,"column":57},"end":{"line":45,"column":1}},"line":5},"1":{"name":"(anonymous_1)","decl":{"start":{"line":26,"column":19},"end":{"line":26,"column":20}},"loc":{"start":{"line":27,"column":6},"end":{"line":27,"column":57}},"line":27}},"branchMap":{"0":{"loc":{"start":{"line":12,"column":12},"end":{"line":12,"column":30}},"type":"cond-expr","locations":[{"start":{"line":12,"column":21},"end":{"line":12,"column":24}},{"start":{"line":12,"column":27},"end":{"line":12,"column":30}}],"line":12},"1":{"loc":{"start":{"line":13,"column":13},"end":{"line":13,"column":31}},"type":"cond-expr","locations":[{"start":{"line":13,"column":22},"end":{"line":13,"column":25}},{"start":{"line":13,"column":28},"end":{"line":13,"column":31}}],"line":13},"2":{"loc":{"start":{"line":40,"column":20},"end":{"line":40,"column":41}},"type":"cond-expr","locations":[{"start":{"line":40,"column":29},"end":{"line":40,"column":34}},{"start":{"line":40,"column":37},"end":{"line":40,"column":41}}],"line":40}},"s":{"0":0,"1":0,"2":0,"3":0},"f":{"0":0,"1":0},"b":{"0":[0,0],"1":[0,0],"2":[0,0]}}
,"/Users/bryanmitchell/Documents/react-projects/my-vinyl-collection/client/src/components/ChartsTab.tsx": {"path":"/Users/bryanmitchell/Documents/react-projects/my-vinyl-collection/client/src/components/ChartsTab.tsx","statementMap":{"0":{"start":{"line":5,"column":18},"end":{"line":52,"column":1}},"1":{"start":{"line":6,"column":1},"end":{"line":51,"column":3}},"2":{"start":{"line":59,"column":11},"end":{"line":65,"column":1}}},"fnMap":{"0":{"name":"(anonymous_0)","decl":{"start":{"line":5,"column":18},"end":{"line":5,"column":19}},"loc":{"start":{"line":5,"column":47},"end":{"line":52,"column":1}},"line":5}},"branchMap":{"0":{"loc":{"start":{"line":8,"column":4},"end":{"line":49,"column":4}},"type":"binary-expr","locations":[{"start":{"line":8,"column":4},"end":{"line":8,"column":9}},{"start":{"line":9,"column":4},"end":{"line":48,"column":10}}],"line":8}},"s":{"0":0,"1":0,"2":0},"f":{"0":0},"b":{"0":[0,0]}}
,"/Users/bryanmitchell/Documents/react-projects/my-vinyl-collection/client/src/components/ChartsTabMobile.tsx": {"path":"/Users/bryanmitchell/Documents/react-projects/my-vinyl-collection/client/src/components/ChartsTabMobile.tsx","statementMap":{"0":{"start":{"line":5,"column":24},"end":{"line":53,"column":1}},"1":{"start":{"line":6,"column":1},"end":{"line":52,"column":3}},"2":{"start":{"line":60,"column":11},"end":{"line":65,"column":1}}},"fnMap":{"0":{"name":"(anonymous_0)","decl":{"start":{"line":5,"column":24},"end":{"line":5,"column":25}},"loc":{"start":{"line":5,"column":53},"end":{"line":53,"column":1}},"line":5}},"branchMap":{"0":{"loc":{"start":{"line":8,"column":4},"end":{"line":50,"column":4}},"type":"binary-expr","locations":[{"start":{"line":8,"column":4},"end":{"line":8,"column":9}},{"start":{"line":9,"column":4},"end":{"line":49,"column":10}}],"line":8}},"s":{"0":0,"1":0,"2":0},"f":{"0":0},"b":{"0":[0,0]}}
,"/Users/bryanmitchell/Documents/react-projects/my-vinyl-collection/client/src/components/GridView.tsx": {"path":"/Users/bryanmitchell/Documents/react-projects/my-vinyl-collection/client/src/components/GridView.tsx","statementMap":{"0":{"start":{"line":5,"column":17},"end":{"line":11,"column":1}},"1":{"start":{"line":6,"column":1},"end":{"line":10,"column":3}}},"fnMap":{"0":{"name":"(anonymous_0)","decl":{"start":{"line":5,"column":17},"end":{"line":5,"column":18}},"loc":{"start":{"line":5,"column":38},"end":{"line":11,"column":1}},"line":5}},"branchMap":{},"s":{"0":0,"1":0},"f":{"0":0},"b":{}}
,"/Users/bryanmitchell/Documents/react-projects/my-vinyl-collection/client/src/components/Landing.tsx": {"path":"/Users/bryanmitchell/Documents/react-projects/my-vinyl-collection/client/src/components/Landing.tsx","statementMap":{"0":{"start":{"line":9,"column":16},"end":{"line":65,"column":1}},"1":{"start":{"line":10,"column":16},"end":{"line":10,"column":36}},"2":{"start":{"line":11,"column":15},"end":{"line":26,"column":2}},"3":{"start":{"line":29,"column":16},"end":{"line":29,"column":57}},"4":{"start":{"line":32,"column":19},"end":{"line":32,"column":37}},"5":{"start":{"line":35,"column":20},"end":{"line":35,"column":60}},"6":{"start":{"line":37,"column":1},"end":{"line":64,"column":3}},"7":{"start":{"line":67,"column":11},"end":{"line":78,"column":1}}},"fnMap":{"0":{"name":"(anonymous_0)","decl":{"start":{"line":9,"column":16},"end":{"line":9,"column":17}},"loc":{"start":{"line":9,"column":22},"end":{"line":65,"column":1}},"line":9}},"branchMap":{"0":{"loc":{"start":{"line":32,"column":19},"end":{"line":32,"column":37}},"type":"cond-expr","locations":[{"start":{"line":32,"column":32},"end":{"line":32,"column":33}},{"start":{"line":32,"column":36},"end":{"line":32,"column":37}}],"line":32}},"s":{"0":1,"1":1,"2":1,"3":1,"4":1,"5":1,"6":1,"7":1},"f":{"0":1},"b":{"0":[1,0]},"_coverageSchema":"1a1c01bbd47fc00a2c39e90264f33305004495a9","hash":"8f4aef3ada829b5775f1d8f7ea90d38d61814925"}
,"/Users/bryanmitchell/Documents/react-projects/my-vinyl-collection/client/src/components/MusicTable.tsx": {"path":"/Users/bryanmitchell/Documents/react-projects/my-vinyl-collection/client/src/components/MusicTable.tsx","statementMap":{"0":{"start":{"line":26,"column":19},"end":{"line":178,"column":1}},"1":{"start":{"line":27,"column":37},"end":{"line":27,"column":60}},"2":{"start":{"line":28,"column":43},"end":{"line":28,"column":66}},"3":{"start":{"line":30,"column":35},"end":{"line":39,"column":2}},"4":{"start":{"line":46,"column":5},"end":{"line":46,"column":20}},"5":{"start":{"line":49,"column":20},"end":{"line":74,"column":23}},"6":{"start":{"line":50,"column":2},"end":{"line":73,"column":3}},"7":{"start":{"line":52,"column":14},"end":{"line":52,"column":23}},"8":{"start":{"line":54,"column":3},"end":{"line":70,"column":6}},"9":{"start":{"line":56,"column":4},"end":{"line":69,"column":5}},"10":{"start":{"line":57,"column":5},"end":{"line":60,"column":65}},"11":{"start":{"line":58,"column":6},"end":{"line":58,"column":65}},"12":{"start":{"line":60,"column":6},"end":{"line":60,"column":65}},"13":{"start":{"line":62,"column":5},"end":{"line":64,"column":6}},"14":{"start":{"line":63,"column":6},"end":{"line":63,"column":59}},"15":{"start":{"line":65,"column":5},"end":{"line":67,"column":6}},"16":{"start":{"line":66,"column":6},"end":{"line":66,"column":59}},"17":{"start":{"line":68,"column":5},"end":{"line":68,"column":14}},"18":{"start":{"line":72,"column":3},"end":{"line":72,"column":15}},"19":{"start":{"line":76,"column":20},"end":{"line":90,"column":2}},"20":{"start":{"line":77,"column":14},"end":{"line":77,"column":38}},"21":{"start":{"line":80,"column":2},"end":{"line":82,"column":3}},"22":{"start":{"line":81,"column":3},"end":{"line":81,"column":10}},"23":{"start":{"line":84,"column":18},"end":{"line":84,"column":29}},"24":{"start":{"line":86,"column":2},"end":{"line":88,"column":3}},"25":{"start":{"line":87,"column":3},"end":{"line":87,"column":28}},"26":{"start":{"line":89,"column":2},"end":{"line":89,"column":38}},"27":{"start":{"line":93,"column":26},"end":{"line":96,"column":2}},"28":{"start":{"line":94,"column":2},"end":{"line":94,"column":26}},"29":{"start":{"line":95,"column":2},"end":{"line":95,"column":15}},"30":{"start":{"line":99,"column":20},"end":{"line":99,"column":35}},"31":{"start":{"line":100,"column":14},"end":{"line":100,"column":50}},"32":{"start":{"line":102,"column":12},"end":{"line":127,"column":3}},"33":{"start":{"line":103,"column":2},"end":{"line":126,"column":7}},"34":{"start":{"line":111,"column":6},"end":{"line":114,"column":8}},"35":{"start":{"line":129,"column":1},"end":{"line":177,"column":3}},"36":{"start":{"line":136,"column":8},"end":{"line":160,"column":9}},"37":{"start":{"line":136,"column":43},"end":{"line":136,"column":50}},"38":{"start":{"line":138,"column":9},"end":{"line":159,"column":11}},"39":{"start":{"line":184,"column":11},"end":{"line":222,"column":1}}},"fnMap":{"0":{"name":"(anonymous_0)","decl":{"start":{"line":26,"column":19},"end":{"line":26,"column":20}},"loc":{"start":{"line":26,"column":40},"end":{"line":178,"column":1}},"line":26},"1":{"name":"(anonymous_1)","decl":{"start":{"line":49,"column":28},"end":{"line":49,"column":29}},"loc":{"start":{"line":49,"column":34},"end":{"line":74,"column":2}},"line":49},"2":{"name":"(anonymous_2)","decl":{"start":{"line":54,"column":13},"end":{"line":54,"column":14}},"loc":{"start":{"line":54,"column":33},"end":{"line":70,"column":4}},"line":54},"3":{"name":"(anonymous_3)","decl":{"start":{"line":76,"column":20},"end":{"line":76,"column":21}},"loc":{"start":{"line":76,"column":36},"end":{"line":90,"column":2}},"line":76},"4":{"name":"(anonymous_4)","decl":{"start":{"line":93,"column":26},"end":{"line":93,"column":27}},"loc":{"start":{"line":93,"column":48},"end":{"line":96,"column":2}},"line":93},"5":{"name":"(anonymous_5)","decl":{"start":{"line":102,"column":28},"end":{"line":102,"column":29}},"loc":{"start":{"line":103,"column":2},"end":{"line":126,"column":7}},"line":103},"6":{"name":"(anonymous_6)","decl":{"start":{"line":110,"column":14},"end":{"line":110,"column":15}},"loc":{"start":{"line":111,"column":6},"end":{"line":114,"column":8}},"line":111},"7":{"name":"(anonymous_7)","decl":{"start":{"line":135,"column":20},"end":{"line":135,"column":21}},"loc":{"start":{"line":135,"column":32},"end":{"line":161,"column":8}},"line":135}},"branchMap":{"0":{"loc":{"start":{"line":50,"column":2},"end":{"line":73,"column":3}},"type":"if","locations":[{"start":{"line":50,"column":2},"end":{"line":73,"column":3}},{"start":{},"end":{}}],"line":50},"1":{"loc":{"start":{"line":50,"column":6},"end":{"line":50,"column":33}},"type":"binary-expr","locations":[{"start":{"line":50,"column":6},"end":{"line":50,"column":10}},{"start":{"line":50,"column":14},"end":{"line":50,"column":33}}],"line":50},"2":{"loc":{"start":{"line":56,"column":4},"end":{"line":69,"column":5}},"type":"if","locations":[{"start":{"line":56,"column":4},"end":{"line":69,"column":5}},{"start":{"line":61,"column":11},"end":{"line":69,"column":5}}],"line":56},"3":{"loc":{"start":{"line":57,"column":5},"end":{"line":60,"column":65}},"type":"if","locations":[{"start":{"line":57,"column":5},"end":{"line":60,"column":65}},{"start":{"line":60,"column":6},"end":{"line":60,"column":65}}],"line":57},"4":{"loc":{"start":{"line":58,"column":13},"end":{"line":58,"column":64}},"type":"binary-expr","locations":[{"start":{"line":58,"column":13},"end":{"line":58,"column":45}},{"start":{"line":58,"column":49},"end":{"line":58,"column":64}}],"line":58},"5":{"loc":{"start":{"line":60,"column":13},"end":{"line":60,"column":64}},"type":"binary-expr","locations":[{"start":{"line":60,"column":13},"end":{"line":60,"column":45}},{"start":{"line":60,"column":49},"end":{"line":60,"column":64}}],"line":60},"6":{"loc":{"start":{"line":62,"column":5},"end":{"line":64,"column":6}},"type":"if","locations":[{"start":{"line":62,"column":5},"end":{"line":64,"column":6}},{"start":{},"end":{}}],"line":62},"7":{"loc":{"start":{"line":63,"column":13},"end":{"line":63,"column":58}},"type":"cond-expr","locations":[{"start":{"line":63,"column":52},"end":{"line":63,"column":54}},{"start":{"line":63,"column":57},"end":{"line":63,"column":58}}],"line":63},"8":{"loc":{"start":{"line":65,"column":5},"end":{"line":67,"column":6}},"type":"if","locations":[{"start":{"line":65,"column":5},"end":{"line":67,"column":6}},{"start":{},"end":{}}],"line":65},"9":{"loc":{"start":{"line":66,"column":13},"end":{"line":66,"column":58}},"type":"cond-expr","locations":[{"start":{"line":66,"column":52},"end":{"line":66,"column":53}},{"start":{"line":66,"column":56},"end":{"line":66,"column":58}}],"line":66},"10":{"loc":{"start":{"line":80,"column":2},"end":{"line":82,"column":3}},"type":"if","locations":[{"start":{"line":80,"column":2},"end":{"line":82,"column":3}},{"start":{},"end":{}}],"line":80},"11":{"loc":{"start":{"line":86,"column":2},"end":{"line":88,"column":3}},"type":"if","locations":[{"start":{"line":86,"column":2},"end":{"line":88,"column":3}},{"start":{},"end":{}}],"line":86},"12":{"loc":{"start":{"line":86,"column":6},"end":{"line":86,"column":72}},"type":"binary-expr","locations":[{"start":{"line":86,"column":6},"end":{"line":86,"column":32}},{"start":{"line":86,"column":36},"end":{"line":86,"column":72}}],"line":86},"13":{"loc":{"start":{"line":100,"column":14},"end":{"line":100,"column":50}},"type":"cond-expr","locations":[{"start":{"line":100,"column":38},"end":{"line":100,"column":42}},{"start":{"line":100,"column":45},"end":{"line":100,"column":50}}],"line":100},"14":{"loc":{"start":{"line":104,"column":4},"end":{"line":104,"column":55}},"type":"cond-expr","locations":[{"start":{"line":104,"column":13},"end":{"line":104,"column":22}},{"start":{"line":104,"column":25},"end":{"line":104,"column":55}}],"line":104},"15":{"loc":{"start":{"line":106,"column":11},"end":{"line":106,"column":47}},"type":"cond-expr","locations":[{"start":{"line":106,"column":20},"end":{"line":106,"column":35}},{"start":{"line":106,"column":38},"end":{"line":106,"column":47}}],"line":106},"16":{"loc":{"start":{"line":107,"column":11},"end":{"line":107,"column":47}},"type":"cond-expr","locations":[{"start":{"line":107,"column":20},"end":{"line":107,"column":35}},{"start":{"line":107,"column":38},"end":{"line":107,"column":47}}],"line":107},"17":{"loc":{"start":{"line":109,"column":27},"end":{"line":109,"column":51}},"type":"binary-expr","locations":[{"start":{"line":109,"column":27},"end":{"line":109,"column":33}},{"start":{"line":109,"column":37},"end":{"line":109,"column":51}}],"line":109},"18":{"loc":{"start":{"line":136,"column":8},"end":{"line":160,"column":9}},"type":"if","locations":[{"start":{"line":136,"column":8},"end":{"line":160,"column":9}},{"start":{"line":137,"column":13},"end":{"line":160,"column":9}}],"line":136},"19":{"loc":{"start":{"line":136,"column":12},"end":{"line":136,"column":41}},"type":"binary-expr","locations":[{"start":{"line":136,"column":12},"end":{"line":136,"column":18}},{"start":{"line":136,"column":22},"end":{"line":136,"column":41}}],"line":136},"20":{"loc":{"start":{"line":146,"column":13},"end":{"line":156,"column":20}},"type":"cond-expr","locations":[{"start":{"line":147,"column":13},"end":{"line":155,"column":14}},{"start":{"line":156,"column":16},"end":{"line":156,"column":20}}],"line":146},"21":{"loc":{"start":{"line":147,"column":13},"end":{"line":155,"column":14}},"type":"cond-expr","locations":[{"start":{"line":148,"column":14},"end":{"line":150,"column":16}},{"start":{"line":152,"column":14},"end":{"line":154,"column":16}}],"line":147}},"s":{"0":0,"1":0,"2":0,"3":0,"4":0,"5":0,"6":0,"7":0,"8":0,"9":0,"10":0,"11":0,"12":0,"13":0,"14":0,"15":0,"16":0,"17":0,"18":0,"19":0,"20":0,"21":0,"22":0,"23":0,"24":0,"25":0,"26":0,"27":0,"28":0,"29":0,"30":0,"31":0,"32":0,"33":0,"34":0,"35":0,"36":0,"37":0,"38":0,"39":0},"f":{"0":0,"1":0,"2":0,"3":0,"4":0,"5":0,"6":0,"7":0},"b":{"0":[0,0],"1":[0,0],"2":[0,0],"3":[0,0],"4":[0,0],"5":[0,0],"6":[0,0],"7":[0,0],"8":[0,0],"9":[0,0],"10":[0,0],"11":[0,0],"12":[0,0],"13":[0,0],"14":[0,0],"15":[0,0],"16":[0,0],"17":[0,0],"18":[0,0],"19":[0,0],"20":[0,0],"21":[0,0]}}
,"/Users/bryanmitchell/Documents/react-projects/my-vinyl-collection/client/src/components/SpotifyPlayer.tsx": {"path":"/Users/bryanmitchell/Documents/react-projects/my-vinyl-collection/client/src/components/SpotifyPlayer.tsx","statementMap":{"0":{"start":{"line":5,"column":22},"end":{"line":16,"column":1}},"1":{"start":{"line":6,"column":37},"end":{"line":6,"column":42}},"2":{"start":{"line":7,"column":14},"end":{"line":7,"column":53}},"3":{"start":{"line":10,"column":20},"end":{"line":10,"column":35}},"4":{"start":{"line":11,"column":21},"end":{"line":11,"column":62}},"5":{"start":{"line":13,"column":13},"end":{"line":13,"column":70}},"6":{"start":{"line":15,"column":1},"end":{"line":15,"column":66}}},"fnMap":{"0":{"name":"(anonymous_0)","decl":{"start":{"line":5,"column":22},"end":{"line":5,"column":23}},"loc":{"start":{"line":5,"column":44},"end":{"line":16,"column":1}},"line":5}},"branchMap":{"0":{"loc":{"start":{"line":7,"column":14},"end":{"line":7,"column":53}},"type":"cond-expr","locations":[{"start":{"line":7,"column":33},"end":{"line":7,"column":40}},{"start":{"line":7,"column":43},"end":{"line":7,"column":53}}],"line":7},"1":{"loc":{"start":{"line":11,"column":21},"end":{"line":11,"column":62}},"type":"cond-expr","locations":[{"start":{"line":11,"column":45},"end":{"line":11,"column":52}},{"start":{"line":11,"column":55},"end":{"line":11,"column":62}}],"line":11}},"s":{"0":0,"1":0,"2":0,"3":0,"4":0,"5":0,"6":0},"f":{"0":0},"b":{"0":[0,0],"1":[0,0]}}
,"/Users/bryanmitchell/Documents/react-projects/my-vinyl-collection/client/src/tests/matchMedia.js": {"path":"/Users/bryanmitchell/Documents/react-projects/my-vinyl-collection/client/src/tests/matchMedia.js","statementMap":{"0":{"start":{"line":1,"column":0},"end":{"line":13,"column":3}},"1":{"start":{"line":3,"column":49},"end":{"line":12,"column":2}}},"fnMap":{"0":{"name":"(anonymous_0)","decl":{"start":{"line":3,"column":37},"end":{"line":3,"column":38}},"loc":{"start":{"line":3,"column":49},"end":{"line":12,"column":2}},"line":3}},"branchMap":{},"s":{"0":1,"1":0},"f":{"0":0},"b":{},"_coverageSchema":"1a1c01bbd47fc00a2c39e90264f33305004495a9","hash":"7264a6f1b82bb31e94ec6547a1116ab585c0766b"}
}
